<?xml version="1.0" encoding="UTF-8"?>
<!-- Generated by org.testng.reporters.JUnitReportReporter -->
<testsuite hostname="Sandy-HP" failures="0" tests="1" name="TestClasses.VerifyUserCanLogIn" time="6.041" errors="0" timestamp="2022-07-26T21:34:40 IST" skipped="0">
  <testcase classname="TestClasses.VerifyUserCanLogIn" name="verifyUserCanLogin" time="6.041"/>
  <system-out/>
</testsuite> <!-- TestClasses.VerifyUserCanLogIn -->
